[2023-08-10 17:59:31] local.DEBUG: response_logArray
(
    [id] => 4Y00385426520301R
    [status] => CREATED
    [links] => Array
        (
            [0] => Array
                (
                    [href] => https://api.sandbox.paypal.com/v2/checkout/orders/4Y00385426520301R
                    [rel] => self
                    [method] => GET
                )

            [1] => Array
                (
                    [href] => https://www.sandbox.paypal.com/checkoutnow?token=4Y00385426520301R
                    [rel] => approve
                    [method] => GET
                )

            [2] => Array
                (
                    [href] => https://api.sandbox.paypal.com/v2/checkout/orders/4Y00385426520301R
                    [rel] => update
                    [method] => PATCH
                )

            [3] => Array
                (
                    [href] => https://api.sandbox.paypal.com/v2/checkout/orders/4Y00385426520301R/capture
                    [rel] => capture
                    [method] => POST
                )

        )

)
  
