[2023-08-10 18:01:03] local.DEBUG: response_logArray
(
    [id] => 2M9445528W983394E
    [status] => CREATED
    [links] => Array
        (
            [0] => Array
                (
                    [href] => https://api.sandbox.paypal.com/v2/checkout/orders/2M9445528W983394E
                    [rel] => self
                    [method] => GET
                )

            [1] => Array
                (
                    [href] => https://www.sandbox.paypal.com/checkoutnow?token=2M9445528W983394E
                    [rel] => approve
                    [method] => GET
                )

            [2] => Array
                (
                    [href] => https://api.sandbox.paypal.com/v2/checkout/orders/2M9445528W983394E
                    [rel] => update
                    [method] => PATCH
                )

            [3] => Array
                (
                    [href] => https://api.sandbox.paypal.com/v2/checkout/orders/2M9445528W983394E/capture
                    [rel] => capture
                    [method] => POST
                )

        )

)
  
