[2023-08-10 17:37:30] local.DEBUG: response_logArray
(
    [id] => 8SW43763ND349324U
    [status] => CREATED
    [links] => Array
        (
            [0] => Array
                (
                    [href] => https://api.sandbox.paypal.com/v2/checkout/orders/8SW43763ND349324U
                    [rel] => self
                    [method] => GET
                )

            [1] => Array
                (
                    [href] => https://www.sandbox.paypal.com/checkoutnow?token=8SW43763ND349324U
                    [rel] => approve
                    [method] => GET
                )

            [2] => Array
                (
                    [href] => https://api.sandbox.paypal.com/v2/checkout/orders/8SW43763ND349324U
                    [rel] => update
                    [method] => PATCH
                )

            [3] => Array
                (
                    [href] => https://api.sandbox.paypal.com/v2/checkout/orders/8SW43763ND349324U/capture
                    [rel] => capture
                    [method] => POST
                )

        )

)
  
