[2023-08-10 17:39:50] local.DEBUG: response_logArray
(
    [id] => 0N14838969421551J
    [status] => CREATED
    [links] => Array
        (
            [0] => Array
                (
                    [href] => https://api.sandbox.paypal.com/v2/checkout/orders/0N14838969421551J
                    [rel] => self
                    [method] => GET
                )

            [1] => Array
                (
                    [href] => https://www.sandbox.paypal.com/checkoutnow?token=0N14838969421551J
                    [rel] => approve
                    [method] => GET
                )

            [2] => Array
                (
                    [href] => https://api.sandbox.paypal.com/v2/checkout/orders/0N14838969421551J
                    [rel] => update
                    [method] => PATCH
                )

            [3] => Array
                (
                    [href] => https://api.sandbox.paypal.com/v2/checkout/orders/0N14838969421551J/capture
                    [rel] => capture
                    [method] => POST
                )

        )

)
  
