[2023-08-10 23:23:40] local.DEBUG: response_logArray
(
    [id] => 5DJ3098974991442X
    [status] => CREATED
    [links] => Array
        (
            [0] => Array
                (
                    [href] => https://api.sandbox.paypal.com/v2/checkout/orders/5DJ3098974991442X
                    [rel] => self
                    [method] => GET
                )

            [1] => Array
                (
                    [href] => https://www.sandbox.paypal.com/checkoutnow?token=5DJ3098974991442X
                    [rel] => approve
                    [method] => GET
                )

            [2] => Array
                (
                    [href] => https://api.sandbox.paypal.com/v2/checkout/orders/5DJ3098974991442X
                    [rel] => update
                    [method] => PATCH
                )

            [3] => Array
                (
                    [href] => https://api.sandbox.paypal.com/v2/checkout/orders/5DJ3098974991442X/capture
                    [rel] => capture
                    [method] => POST
                )

        )

)
  
